2015-12-07 00:33:08.568 [info] <0.7.0> Application lager started on node 'battleship@brodan-Lenovo-G500'
2015-12-07 00:33:08.577 [info] <0.7.0> Application crypto started on node 'battleship@brodan-Lenovo-G500'
2015-12-07 00:33:08.630 [info] <0.7.0> Application mimetypes started on node 'battleship@brodan-Lenovo-G500'
2015-12-07 00:33:08.669 [info] <0.95.0>@boss_web_controller_init:init_services:132 Starting Boss in development mode...
2015-12-07 00:33:08.677 [info] <0.95.0>@boss_db:start:77 Start Database Adapter boss_db_adapter_mock options [{adapter,mock},{cache_enable,false},{cache_prefix,db},{shards,[]},{is_master_node,true},{db_host,"localhost"},{db_port,1978}]
2015-12-07 00:33:08.723 [notice] <0.63.0>@lager_app:132 Deprecated lager_file_backend config detected, please consider updating it
2015-12-07 00:33:08.762 [info] <0.7.0> Application tinymq started on node 'battleship@brodan-Lenovo-G500'
2015-12-07 00:33:08.800 [info] <0.7.0> Application ranch started on node 'battleship@brodan-Lenovo-G500'
2015-12-07 00:33:08.802 [info] <0.7.0> Application cowlib started on node 'battleship@brodan-Lenovo-G500'
2015-12-07 00:33:08.810 [info] <0.7.0> Application cowboy started on node 'battleship@brodan-Lenovo-G500'
2015-12-07 00:33:08.952 [notice] <0.95.0>@boss_compiler:compile:47 Compile file "/home/brodan/Desktop/programming_languages/final_project/battleship/src/mail/battleship_outgoing_mail_controller.erl" with options [{out_dir,undefined},{include_dirs,["/home/brodan/Desktop/programming_languages/final_project/battleship/include"]},{compiler_options,[{parse_transform,lager_transform},return_errors]}] 
2015-12-07 00:33:08.991 [notice] <0.95.0>@boss_compiler:compile:47 Compile file "/home/brodan/Desktop/programming_languages/final_project/battleship/src/mail/battleship_incoming_mail_controller.erl" with options [{out_dir,undefined},{include_dirs,["/home/brodan/Desktop/programming_languages/final_project/battleship/include"]},{compiler_options,[{parse_transform,lager_transform},return_errors]}] 
2015-12-07 00:33:09.005 [info] <0.95.0>@boss_controller_compiler:compile:71 Compile controller /home/brodan/Desktop/programming_languages/final_project/battleship/src/controller/battleship_greeting_controller.erl
2015-12-07 00:33:09.005 [notice] <0.95.0>@boss_compiler:compile:47 Compile file "/home/brodan/Desktop/programming_languages/final_project/battleship/src/controller/battleship_greeting_controller.erl" with options [debug_info,{pre_revert_transform,#Fun<boss_controller_compiler.add_routes_to_forms.1>},{out_dir,undefined},{include_dirs,["/home/brodan/Desktop/programming_languages/final_project/battleship/include"]},{compiler_options,[{parse_transform,lager_transform},return_errors]}] 
2015-12-07 00:33:09.042 [notice] <0.95.0>@boss_compiler:compile:47 Compile file "/home/brodan/Desktop/programming_languages/final_project/battleship/src/view/lib/tag_modules/battleship_custom_tags.erl" with options [{out_dir,undefined},{include_dirs,["/home/brodan/Desktop/programming_languages/final_project/battleship/include"]},{compiler_options,[{parse_transform,lager_transform},return_errors]}] 
2015-12-07 00:33:09.065 [notice] <0.95.0>@boss_compiler:compile:47 Compile file "/home/brodan/Desktop/programming_languages/final_project/battleship/src/view/lib/filter_modules/battleship_custom_filters.erl" with options [{out_dir,undefined},{include_dirs,["/home/brodan/Desktop/programming_languages/final_project/battleship/include"]},{compiler_options,[{parse_transform,lager_transform},return_errors]}] 
2015-12-07 00:33:09.183 [notice] <0.95.0>@boss_compiler:compile:47 Compile file "/home/brodan/Desktop/programming_languages/final_project/battleship/priv/init/battleship_01_news.erl" with options [{include_dirs,["/home/brodan/Desktop/programming_languages/final_project/battleship/include"]}] 
2015-12-07 00:33:13.193 [info] <0.278.0>@boss_web_controller_handle_request:log_status_code:187 GET /greeting/hello [battleship] 200 21ms
2015-12-07 00:41:29.289 [info] <0.7.0> Application lager started on node 'battleship@brodan-Lenovo-G500'
2015-12-07 00:41:29.297 [info] <0.7.0> Application crypto started on node 'battleship@brodan-Lenovo-G500'
2015-12-07 00:41:29.307 [info] <0.7.0> Application mimetypes started on node 'battleship@brodan-Lenovo-G500'
2015-12-07 00:41:29.340 [info] <0.95.0>@boss_web_controller_init:init_services:132 Starting Boss in development mode...
2015-12-07 00:41:29.346 [info] <0.95.0>@boss_db:start:77 Start Database Adapter boss_db_adapter_mock options [{adapter,mock},{cache_enable,false},{cache_prefix,db},{shards,[]},{is_master_node,true},{db_host,"localhost"},{db_port,1978}]
2015-12-07 00:41:29.385 [info] <0.7.0> Application tinymq started on node 'battleship@brodan-Lenovo-G500'
2015-12-07 00:41:29.432 [info] <0.7.0> Application ranch started on node 'battleship@brodan-Lenovo-G500'
2015-12-07 00:41:29.437 [info] <0.7.0> Application cowlib started on node 'battleship@brodan-Lenovo-G500'
2015-12-07 00:41:29.449 [info] <0.7.0> Application cowboy started on node 'battleship@brodan-Lenovo-G500'
2015-12-07 00:41:29.509 [notice] <0.63.0>@lager_app:132 Deprecated lager_file_backend config detected, please consider updating it
2015-12-07 00:41:29.543 [notice] <0.95.0>@boss_compiler:compile:47 Compile file "/home/brodan/Desktop/programming_languages/final_project/battleship/src/mail/battleship_outgoing_mail_controller.erl" with options [{out_dir,undefined},{include_dirs,["/home/brodan/Desktop/programming_languages/final_project/battleship/include"]},{compiler_options,[{parse_transform,lager_transform},return_errors]}] 
2015-12-07 00:41:29.575 [notice] <0.95.0>@boss_compiler:compile:47 Compile file "/home/brodan/Desktop/programming_languages/final_project/battleship/src/mail/battleship_incoming_mail_controller.erl" with options [{out_dir,undefined},{include_dirs,["/home/brodan/Desktop/programming_languages/final_project/battleship/include"]},{compiler_options,[{parse_transform,lager_transform},return_errors]}] 
2015-12-07 00:41:29.589 [info] <0.95.0>@boss_controller_compiler:compile:71 Compile controller /home/brodan/Desktop/programming_languages/final_project/battleship/src/controller/battleship_greeting_controller.erl
2015-12-07 00:41:29.589 [notice] <0.95.0>@boss_compiler:compile:47 Compile file "/home/brodan/Desktop/programming_languages/final_project/battleship/src/controller/battleship_greeting_controller.erl" with options [debug_info,{pre_revert_transform,#Fun<boss_controller_compiler.add_routes_to_forms.1>},{out_dir,undefined},{include_dirs,["/home/brodan/Desktop/programming_languages/final_project/battleship/include"]},{compiler_options,[{parse_transform,lager_transform},return_errors]}] 
2015-12-07 00:41:29.603 [notice] <0.95.0>@boss_compiler:compile:47 Compile file "/home/brodan/Desktop/programming_languages/final_project/battleship/src/view/lib/tag_modules/battleship_custom_tags.erl" with options [{out_dir,undefined},{include_dirs,["/home/brodan/Desktop/programming_languages/final_project/battleship/include"]},{compiler_options,[{parse_transform,lager_transform},return_errors]}] 
2015-12-07 00:41:29.614 [notice] <0.95.0>@boss_compiler:compile:47 Compile file "/home/brodan/Desktop/programming_languages/final_project/battleship/src/view/lib/filter_modules/battleship_custom_filters.erl" with options [{out_dir,undefined},{include_dirs,["/home/brodan/Desktop/programming_languages/final_project/battleship/include"]},{compiler_options,[{parse_transform,lager_transform},return_errors]}] 
2015-12-07 00:41:29.701 [notice] <0.95.0>@boss_compiler:compile:47 Compile file "/home/brodan/Desktop/programming_languages/final_project/battleship/priv/init/battleship_01_news.erl" with options [{include_dirs,["/home/brodan/Desktop/programming_languages/final_project/battleship/include"]}] 
2015-12-07 00:43:24.680 [info] <0.279.0>@boss_controller_compiler:compile:71 Compile controller /home/brodan/Desktop/programming_languages/final_project/battleship/src/controller/battleship_greeting_controller.erl
2015-12-07 00:43:24.680 [notice] <0.279.0>@boss_compiler:compile:47 Compile file "/home/brodan/Desktop/programming_languages/final_project/battleship/src/controller/battleship_greeting_controller.erl" with options [debug_info,{pre_revert_transform,#Fun<boss_controller_compiler.add_routes_to_forms.1>},{out_dir,undefined},{include_dirs,["/home/brodan/Desktop/programming_languages/final_project/battleship/include"]},{compiler_options,[{parse_transform,lager_transform},return_errors]}] 
2015-12-07 00:43:24.708 [info] <0.279.0>@boss_web_controller_handle_request:log_status_code:187 GET /greeting/send_test_message [battleship] 200 32ms
2015-12-07 00:43:36.617 [info] <0.283.0>@boss_web_controller_handle_request:log_status_code:187 GET /greeting/send_test_message [battleship] 200 14ms
2015-12-07 01:20:42.075 [info] <0.287.0>@boss_controller_compiler:compile:71 Compile controller /home/brodan/Desktop/programming_languages/final_project/battleship/src/controller/battleship_greeting_controller.erl
2015-12-07 01:20:42.076 [notice] <0.287.0>@boss_compiler:compile:47 Compile file "/home/brodan/Desktop/programming_languages/final_project/battleship/src/controller/battleship_greeting_controller.erl" with options [debug_info,{pre_revert_transform,#Fun<boss_controller_compiler.add_routes_to_forms.1>},{out_dir,undefined},{include_dirs,["/home/brodan/Desktop/programming_languages/final_project/battleship/include"]},{compiler_options,[{parse_transform,lager_transform},return_errors]}] 
2015-12-07 01:20:42.209 [notice] <0.287.0>@boss_compiler:compile:47 Compile file "/home/brodan/Desktop/programming_languages/final_project/battleship/src/model/greeting.erl" with options [debug_info,{pre_revert_transform,#Fun<boss_record_compiler.trick_out_forms.2>},{token_transform,#Fun<boss_record_compiler.process_tokens.1>},{out_dir,undefined},{include_dirs,["/home/brodan/Desktop/programming_languages/final_project/battleship/include"]},{compiler_options,[{parse_transform,lager_transform},return_errors]}] 
2015-12-07 01:20:42.209 [info] <0.287.0>@boss_record_compiler:process_tokens:120 Tokens [{atom,{1,1},after_create},{'(',{1,13}},{')',{1,14}},{'->',{1,16}},{atom,{2,5},boss_mq},{':',{2,12}},{atom,{2,13},push},{'(',{2,17}},{string,{2,18},"new-greetings"},{',',{2,33}},{var,{2,35},'THIS'},{')',{2,39}},{dot,{2,40}}]
2015-12-07 01:20:42.224 [error] <0.287.0>@boss_web_controller_handle_request:handle_request:39 Unhandled Error: error:function_clause Stacktrace: [{boss_record_compiler,process_tokens,[[],
                                     [{dot,{2,40}},
                                      {')',{2,39}},
                                      {var,{2,35},'THIS'},
                                      {',',{2,33}},
                                      {string,{2,18},"new-greetings"},
                                      {'(',{2,17}},
                                      {atom,{2,13},push},
                                      {':',{2,12}},
                                      {atom,{2,5},boss_mq},
                                      {'->',{1,16}},
                                      {')',{1,14}},
                                      {'(',{1,13}},
                                      {atom,{1,1},after_create}],
                                     []],[{file,"src/boss_record_compiler.erl"},{line,123}]},{boss_compiler,parse_text,4,[{file,"src/boss_compiler.erl"},{line,169}]},{boss_compiler,compile,2,[{file,"src/boss_compiler.erl"},{line,51}]},{boss_load,compile_and_accumulate_errors,5,[{file,"src/boss/boss_load.erl"},{line,261}]},{boss_load,load_model_dir,4,[{file,"src/boss/boss_load.erl"},{line,186}]},{boss_load,load_model_dirs1,6,[{file,"src/boss/boss_load.erl"},{line,177}]},{boss_web_controller_handle_request,run_controller_if_present,6,[{file,"src/boss/boss_web_controller_handle_request.erl"},{line,502}]},{boss_web_controller_handle_request,process_dynamic_request,5,[{file,"src/boss/boss_web_controller_handle_request.erl"},{line,255}]}]
2015-12-07 02:01:47.556 [info] <0.7.0> Application lager started on node 'battleship@brodan-Lenovo-G500'
2015-12-07 02:01:47.566 [info] <0.7.0> Application crypto started on node 'battleship@brodan-Lenovo-G500'
2015-12-07 02:01:47.578 [info] <0.7.0> Application mimetypes started on node 'battleship@brodan-Lenovo-G500'
2015-12-07 02:01:47.624 [info] <0.95.0>@boss_web_controller_init:init_services:132 Starting Boss in development mode...
2015-12-07 02:01:47.632 [info] <0.95.0>@boss_db:start:77 Start Database Adapter boss_db_adapter_mock options [{adapter,mock},{cache_enable,false},{cache_prefix,db},{shards,[]},{is_master_node,true},{db_host,"localhost"},{db_port,1978}]
2015-12-07 02:01:47.676 [info] <0.7.0> Application tinymq started on node 'battleship@brodan-Lenovo-G500'
2015-12-07 02:01:47.718 [info] <0.7.0> Application ranch started on node 'battleship@brodan-Lenovo-G500'
2015-12-07 02:01:47.720 [info] <0.7.0> Application cowlib started on node 'battleship@brodan-Lenovo-G500'
2015-12-07 02:01:47.728 [info] <0.7.0> Application cowboy started on node 'battleship@brodan-Lenovo-G500'
2015-12-07 02:01:47.782 [notice] <0.63.0>@lager_app:132 Deprecated lager_file_backend config detected, please consider updating it
2015-12-07 02:01:47.815 [notice] <0.95.0>@boss_compiler:compile:47 Compile file "/home/brodan/Desktop/programming_languages/final_project/battleship/src/mail/battleship_outgoing_mail_controller.erl" with options [{out_dir,undefined},{include_dirs,["/home/brodan/Desktop/programming_languages/final_project/battleship/include"]},{compiler_options,[{parse_transform,lager_transform},return_errors]}] 
2015-12-07 02:01:47.847 [notice] <0.95.0>@boss_compiler:compile:47 Compile file "/home/brodan/Desktop/programming_languages/final_project/battleship/src/mail/battleship_incoming_mail_controller.erl" with options [{out_dir,undefined},{include_dirs,["/home/brodan/Desktop/programming_languages/final_project/battleship/include"]},{compiler_options,[{parse_transform,lager_transform},return_errors]}] 
2015-12-07 02:01:47.860 [info] <0.95.0>@boss_controller_compiler:compile:71 Compile controller /home/brodan/Desktop/programming_languages/final_project/battleship/src/controller/battleship_greeting_controller.erl
2015-12-07 02:01:47.860 [notice] <0.95.0>@boss_compiler:compile:47 Compile file "/home/brodan/Desktop/programming_languages/final_project/battleship/src/controller/battleship_greeting_controller.erl" with options [debug_info,{pre_revert_transform,#Fun<boss_controller_compiler.add_routes_to_forms.1>},{out_dir,undefined},{include_dirs,["/home/brodan/Desktop/programming_languages/final_project/battleship/include"]},{compiler_options,[{parse_transform,lager_transform},return_errors]}] 
2015-12-07 02:01:47.881 [notice] <0.95.0>@boss_compiler:compile:47 Compile file "/home/brodan/Desktop/programming_languages/final_project/battleship/src/model/greeting.erl" with options [debug_info,{pre_revert_transform,#Fun<boss_record_compiler.trick_out_forms.2>},{token_transform,#Fun<boss_record_compiler.process_tokens.1>},{out_dir,undefined},{include_dirs,["/home/brodan/Desktop/programming_languages/final_project/battleship/include"]},{compiler_options,[{parse_transform,lager_transform},return_errors]}] 
2015-12-07 02:01:47.882 [info] <0.95.0>@boss_record_compiler:process_tokens:120 Tokens [{'-',{1,1}},{atom,{1,2},module},{'(',{1,8}},{atom,{1,9},greeting},{',',{1,17}},{'[',{1,19}},{var,{1,20},'Id'},{',',{1,22}},{var,{1,24},'GreetingText'},{']',{1,36}},{')',{1,37}},{dot,{1,38}},{'-',{2,1}},{atom,{2,2},compile},{'(',{2,9}},{atom,{2,10},export_all},{')',{2,20}},{dot,{2,21}}]
2015-12-07 02:01:47.882 [notice] <0.95.0>@boss_record_compiler:make_generated_forms:225 Module "greeting" Parameters ['Id','GreetingText'] Attributes[{compile,export_all}]
2015-12-07 02:01:47.938 [notice] <0.95.0>@boss_compiler:compile:47 Compile file "/home/brodan/Desktop/programming_languages/final_project/battleship/src/view/lib/tag_modules/battleship_custom_tags.erl" with options [{out_dir,undefined},{include_dirs,["/home/brodan/Desktop/programming_languages/final_project/battleship/include"]},{compiler_options,[{parse_transform,lager_transform},return_errors]}] 
2015-12-07 02:01:47.947 [notice] <0.95.0>@boss_compiler:compile:47 Compile file "/home/brodan/Desktop/programming_languages/final_project/battleship/src/view/lib/filter_modules/battleship_custom_filters.erl" with options [{out_dir,undefined},{include_dirs,["/home/brodan/Desktop/programming_languages/final_project/battleship/include"]},{compiler_options,[{parse_transform,lager_transform},return_errors]}] 
2015-12-07 02:01:48.042 [notice] <0.95.0>@boss_compiler:compile:47 Compile file "/home/brodan/Desktop/programming_languages/final_project/battleship/priv/init/battleship_01_news.erl" with options [{include_dirs,["/home/brodan/Desktop/programming_languages/final_project/battleship/include"]}] 
2015-12-07 02:01:50.943 [notice] <0.280.0>@boss_controller_adapter_pmod:action:111 [ChicagoBoss] The function battleship_greeting_controller:index/2 is not exported, if in doubt add -export([index/2])) to the module
2015-12-07 02:01:50.953 [warning] <0.280.0>@boss_web_controller_handle_request:log_status_code:185 GET /greeting/ [battleship] 404 21ms
2015-12-07 02:01:55.783 [info] <0.280.0>@boss_web_controller_handle_request:log_status_code:187 GET /greeting/hello [battleship] 200 70ms
2015-12-07 02:05:35.558 [info] <0.292.0>@boss_record_compiler:process_tokens:120 Tokens [{'-',{1,1}},{atom,{1,2},module},{'(',{1,8}},{atom,{1,9},greeting},{',',{1,17}},{'[',{1,19}},{var,{1,20},'Id'},{',',{1,22}},{var,{1,24},'GreetingText'},{']',{1,36}},{')',{1,37}},{dot,{1,38}},{'-',{2,1}},{atom,{2,2},compile},{'(',{2,9}},{atom,{2,10},export_all},{')',{2,20}},{dot,{2,21}}]
2015-12-07 02:05:35.559 [notice] <0.292.0>@boss_record_compiler:make_generated_forms:225 Module "greeting" Parameters ['Id','GreetingText'] Attributes[{compile,export_all}]
2015-12-07 02:05:36.359 [info] <0.292.0>@boss_web_controller_handle_request:log_status_code:187 GET /doc/greeting [battleship] 200 802ms
2015-12-07 02:15:44.467 [notice] <0.303.0>@boss_controller_adapter_pmod:action:111 [ChicagoBoss] The function battleship_greeting_controller:list/2 is not exported, if in doubt add -export([list/2])) to the module
2015-12-07 02:15:44.515 [info] <0.303.0>@boss_web_controller_handle_request:log_status_code:187 GET /greeting/list [battleship] 200 58ms
2015-12-07 13:37:43.713 [notice] <0.310.0>@boss_controller_adapter_pmod:action:111 [ChicagoBoss] The function battleship_greeting_controller:list/2 is not exported, if in doubt add -export([list/2])) to the module
2015-12-07 13:37:43.715 [info] <0.310.0>@boss_web_controller_handle_request:log_status_code:187 GET /greeting/list [battleship] 200 15ms
2015-12-07 13:37:45.363 [info] <0.310.0>@boss_web_controller_handle_request:log_status_code:187 GET /greeting/hello [battleship] 200 13ms
2015-12-07 13:39:05.861 [info] <0.316.0>@boss_web_controller_handle_request:log_status_code:187 GET /greeting/send_test_message [battleship] 200 12ms
2015-12-07 13:40:16.302 [info] <0.322.0>@boss_web_controller_handle_request:log_status_code:187 GET /greeting/send_test_message [battleship] 200 12ms
2015-12-07 13:41:42.474 [info] <0.330.0>@boss_controller_compiler:compile:71 Compile controller /home/brodan/Desktop/programming_languages/final_project/battleship/src/controller/battleship_greeting_controller.erl
2015-12-07 13:41:42.474 [notice] <0.330.0>@boss_compiler:compile:47 Compile file "/home/brodan/Desktop/programming_languages/final_project/battleship/src/controller/battleship_greeting_controller.erl" with options [debug_info,{pre_revert_transform,#Fun<boss_controller_compiler.add_routes_to_forms.1>},{out_dir,undefined},{include_dirs,["/home/brodan/Desktop/programming_languages/final_project/battleship/include"]},{compiler_options,[{parse_transform,lager_transform},return_errors]}] 
2015-12-07 13:41:42.489 [info] <0.330.0>@boss_web_controller_handle_request:log_status_code:187 GET /greeting/send_test_message [battleship] 200 18ms
2015-12-07 14:09:12.024 [info] <0.334.0>@boss_controller_compiler:compile:71 Compile controller /home/brodan/Desktop/programming_languages/final_project/battleship/src/controller/battleship_greeting_controller.erl
2015-12-07 14:09:12.024 [notice] <0.334.0>@boss_compiler:compile:47 Compile file "/home/brodan/Desktop/programming_languages/final_project/battleship/src/controller/battleship_greeting_controller.erl" with options [debug_info,{pre_revert_transform,#Fun<boss_controller_compiler.add_routes_to_forms.1>},{out_dir,undefined},{include_dirs,["/home/brodan/Desktop/programming_languages/final_project/battleship/include"]},{compiler_options,[{parse_transform,lager_transform},return_errors]}] 
2015-12-07 14:09:12.036 [notice] <0.334.0>@boss_compiler:compile:47 Compile file "/home/brodan/Desktop/programming_languages/final_project/battleship/src/model/greeting.erl" with options [debug_info,{pre_revert_transform,#Fun<boss_record_compiler.trick_out_forms.2>},{token_transform,#Fun<boss_record_compiler.process_tokens.1>},{out_dir,undefined},{include_dirs,["/home/brodan/Desktop/programming_languages/final_project/battleship/include"]},{compiler_options,[{parse_transform,lager_transform},return_errors]}] 
2015-12-07 14:09:12.037 [info] <0.334.0>@boss_record_compiler:process_tokens:120 Tokens [{'-',{1,1}},{atom,{1,2},module},{'(',{1,8}},{atom,{1,9},greeting},{',',{1,17}},{'[',{1,19}},{var,{1,20},'Id'},{',',{1,22}},{var,{1,24},'GreetingText'},{']',{1,36}},{')',{1,37}},{dot,{1,38}},{'-',{2,1}},{atom,{2,2},compile},{'(',{2,9}},{atom,{2,10},export_all},{')',{2,20}},{dot,{2,21}},{atom,{4,1},validation_tests},{'(',{4,17}},{')',{4,18}},{'->',{4,20}},{'[',{5,2}},{'{',{5,3}},{fun,{5,4}},{'(',{5,7}},{')',{5,8}},{'->',{5,10}},{atom,{5,13},length},{'(',{5,19}},{var,{5,20},'GreetingText'},{')',{5,32}},{'>',{5,34}},{integer,{5,36},0},{end,{5,38}},{',',{5,41}},{string,{6,2},"Greeting must be non-empty!"},{'}',{6,31}},{',',{6,32}},{'{',{7,2}},{fun,{7,3}},{'(',{7,6}},{')',{7,7}},{'->',{7,9}},{atom,{7,12},length},{'(',{7,18}},{var,{7,19},'GreetingText'},{')',{7,31}},{'=<',{7,33}},{integer,{7,36},140},{end,{7,40}},{',',{7,43}},{string,{8,2},"Greeting must be tweetable"},{'}',{8,30}},{']',{8,31}},{dot,{8,32}}]
2015-12-07 14:09:12.037 [notice] <0.334.0>@boss_record_compiler:make_generated_forms:225 Module "greeting" Parameters ['Id','GreetingText'] Attributes[{compile,export_all}]
2015-12-07 14:09:12.161 [info] <0.334.0>@boss_web_controller_handle_request:log_status_code:187 GET /greeting/list [battleship] 200 146ms
2015-12-07 14:09:16.275 [info] <0.334.0>@boss_web_controller_handle_request:log_status_code:187 GET /greeting/create [battleship] 200 61ms
2015-12-07 14:09:18.768 [info] <0.334.0>@boss_web_controller_handle_request:log_status_code:187 POST /greeting/goodbye [battleship] 302 11ms
2015-12-07 14:09:18.783 [info] <0.334.0>@boss_web_controller_handle_request:log_status_code:187 GET /greeting/list [battleship] 200 8ms
2015-12-07 14:09:33.222 [info] <0.343.0>@boss_web_controller_handle_request:log_status_code:187 GET /greeting/hello [battleship] 200 10ms
2015-12-07 14:09:35.989 [notice] <0.343.0>@boss_controller_adapter_pmod:action:111 [ChicagoBoss] The function battleship_greeting_controller:index/2 is not exported, if in doubt add -export([index/2])) to the module
2015-12-07 14:09:35.993 [warning] <0.343.0>@boss_web_controller_handle_request:log_status_code:185 GET /greeting/ [battleship] 404 20ms
2015-12-07 14:09:41.162 [info] <0.346.0>@boss_web_controller_handle_request:log_status_code:187 GET /greeting/hello [battleship] 200 16ms
2015-12-07 14:10:05.042 [info] <0.348.0>@boss_web_controller_handle_request:log_status_code:187 GET /greeting/create [battleship] 200 17ms
2015-12-07 14:10:52.897 [info] <0.7.0> Application lager started on node 'battleship@brodan-Lenovo-G500'
2015-12-07 14:10:52.905 [info] <0.7.0> Application crypto started on node 'battleship@brodan-Lenovo-G500'
2015-12-07 14:10:52.916 [info] <0.7.0> Application mimetypes started on node 'battleship@brodan-Lenovo-G500'
2015-12-07 14:10:52.976 [info] <0.95.0>@boss_web_controller_init:init_services:132 Starting Boss in development mode...
2015-12-07 14:10:52.982 [info] <0.95.0>@boss_db:start:77 Start Database Adapter boss_db_adapter_mock options [{adapter,mock},{cache_enable,false},{cache_prefix,db},{shards,[]},{is_master_node,true},{db_host,"localhost"},{db_port,1978}]
2015-12-07 14:10:53.042 [info] <0.7.0> Application tinymq started on node 'battleship@brodan-Lenovo-G500'
2015-12-07 14:10:53.110 [notice] <0.63.0>@lager_app:132 Deprecated lager_file_backend config detected, please consider updating it
2015-12-07 14:10:53.120 [info] <0.7.0> Application ranch started on node 'battleship@brodan-Lenovo-G500'
2015-12-07 14:10:53.127 [info] <0.7.0> Application cowlib started on node 'battleship@brodan-Lenovo-G500'
2015-12-07 14:10:53.143 [info] <0.7.0> Application cowboy started on node 'battleship@brodan-Lenovo-G500'
2015-12-07 14:10:53.237 [notice] <0.95.0>@boss_compiler:compile:47 Compile file "/home/brodan/Desktop/programming_languages/final_project/battleship/src/mail/battleship_outgoing_mail_controller.erl" with options [{out_dir,undefined},{include_dirs,["/home/brodan/Desktop/programming_languages/final_project/battleship/include"]},{compiler_options,[{parse_transform,lager_transform},return_errors]}] 
2015-12-07 14:10:53.284 [notice] <0.95.0>@boss_compiler:compile:47 Compile file "/home/brodan/Desktop/programming_languages/final_project/battleship/src/mail/battleship_incoming_mail_controller.erl" with options [{out_dir,undefined},{include_dirs,["/home/brodan/Desktop/programming_languages/final_project/battleship/include"]},{compiler_options,[{parse_transform,lager_transform},return_errors]}] 
2015-12-07 14:10:53.295 [info] <0.95.0>@boss_controller_compiler:compile:71 Compile controller /home/brodan/Desktop/programming_languages/final_project/battleship/src/controller/battleship_greeting_controller.erl
2015-12-07 14:10:53.295 [notice] <0.95.0>@boss_compiler:compile:47 Compile file "/home/brodan/Desktop/programming_languages/final_project/battleship/src/controller/battleship_greeting_controller.erl" with options [debug_info,{pre_revert_transform,#Fun<boss_controller_compiler.add_routes_to_forms.1>},{out_dir,undefined},{include_dirs,["/home/brodan/Desktop/programming_languages/final_project/battleship/include"]},{compiler_options,[{parse_transform,lager_transform},return_errors]}] 
2015-12-07 14:10:53.316 [notice] <0.95.0>@boss_compiler:compile:47 Compile file "/home/brodan/Desktop/programming_languages/final_project/battleship/src/model/greeting.erl" with options [debug_info,{pre_revert_transform,#Fun<boss_record_compiler.trick_out_forms.2>},{token_transform,#Fun<boss_record_compiler.process_tokens.1>},{out_dir,undefined},{include_dirs,["/home/brodan/Desktop/programming_languages/final_project/battleship/include"]},{compiler_options,[{parse_transform,lager_transform},return_errors]}] 
2015-12-07 14:10:53.317 [info] <0.95.0>@boss_record_compiler:process_tokens:120 Tokens [{'-',{1,1}},{atom,{1,2},module},{'(',{1,8}},{atom,{1,9},greeting},{',',{1,17}},{'[',{1,19}},{var,{1,20},'Id'},{',',{1,22}},{var,{1,24},'GreetingText'},{']',{1,36}},{')',{1,37}},{dot,{1,38}},{'-',{2,1}},{atom,{2,2},compile},{'(',{2,9}},{atom,{2,10},export_all},{')',{2,20}},{dot,{2,21}},{atom,{4,1},validation_tests},{'(',{4,17}},{')',{4,18}},{'->',{4,20}},{'[',{5,2}},{'{',{5,3}},{fun,{5,4}},{'(',{5,7}},{')',{5,8}},{'->',{5,10}},{atom,{5,13},length},{'(',{5,19}},{var,{5,20},'GreetingText'},{')',{5,32}},{'>',{5,34}},{integer,{5,36},0},{end,{5,38}},{',',{5,41}},{string,{6,2},"Greeting must be non-empty!"},{'}',{6,31}},{',',{6,32}},{'{',{7,2}},{fun,{7,3}},{'(',{7,6}},{')',{7,7}},{'->',{7,9}},{atom,{7,12},length},{'(',{7,18}},{var,{7,19},'GreetingText'},{')',{7,31}},{'=<',{7,33}},{integer,{7,36},140},{end,{7,40}},{',',{7,43}},{string,{8,2},"Greeting must be tweetable"},{'}',{8,30}},{']',{8,31}},{dot,{8,32}}]
2015-12-07 14:10:53.317 [notice] <0.95.0>@boss_record_compiler:make_generated_forms:225 Module "greeting" Parameters ['Id','GreetingText'] Attributes[{compile,export_all}]
2015-12-07 14:10:53.379 [notice] <0.95.0>@boss_compiler:compile:47 Compile file "/home/brodan/Desktop/programming_languages/final_project/battleship/src/view/lib/tag_modules/battleship_custom_tags.erl" with options [{out_dir,undefined},{include_dirs,["/home/brodan/Desktop/programming_languages/final_project/battleship/include"]},{compiler_options,[{parse_transform,lager_transform},return_errors]}] 
2015-12-07 14:10:53.388 [notice] <0.95.0>@boss_compiler:compile:47 Compile file "/home/brodan/Desktop/programming_languages/final_project/battleship/src/view/lib/filter_modules/battleship_custom_filters.erl" with options [{out_dir,undefined},{include_dirs,["/home/brodan/Desktop/programming_languages/final_project/battleship/include"]},{compiler_options,[{parse_transform,lager_transform},return_errors]}] 
2015-12-07 14:10:53.559 [notice] <0.95.0>@boss_compiler:compile:47 Compile file "/home/brodan/Desktop/programming_languages/final_project/battleship/priv/init/battleship_01_news.erl" with options [{include_dirs,["/home/brodan/Desktop/programming_languages/final_project/battleship/include"]}] 
2015-12-07 14:10:58.418 [info] <0.282.0>@boss_web_controller_handle_request:log_status_code:187 GET /greeting/create [battleship] 200 87ms
2015-12-07 14:11:00.098 [info] <0.282.0>@boss_web_controller_handle_request:log_status_code:187 GET /greeting/create [battleship] 200 9ms
2015-12-07 14:11:05.552 [error] <0.285.0>@boss_web_controller:call_controller_action:308 Error in controller error:function_clause Stacktrace: [{battleship_greeting_controller,create,['GET',
                                       ["assssss"],
                                       {battleship_greeting_controller,
                                        {sbw,cowboy_simple_bridge,
                                         {cowboy_bridge,#Ref<0.0.1.1248>},
                                         false,[],[],[],none,
                                         [{<<"host">>,<<"localhost:8001">>},
                                          {<<"connection">>,<<"keep-alive">>},
                                          {<<"accept">>,
                                           <<"text/html,application/xhtml+xml,application/xml;q=0.9,image/webp,*/*;q=0.8">>},
                                          {<<"user-agent">>,
                                           <<"Mozilla/5.0 (X11; Linux x86_64) AppleWebKit/537.36 (KHTML, like Gecko) Chrome/38.0.2125.111 Safari/537.36">>},
                                          {<<"accept-encoding">>,
                                           <<"gzip,deflate,sdch">>},
                                          {<<"accept-language">>,
                                           <<"en-US,en;q=0.8">>}],
                                         [],
                                         {response,200,[],[],[]}}}],[{file,"/home/brodan/Desktop/programming_languages/final_project/battleship/src/controller/battleship_greeting_controller.erl"},{line,26}]},{boss_web_controller,call_controller_action,3,[{file,"src/boss/boss_web_controller.erl"},{line,305}]},{boss_web_controller,apply_action,4,[{file,"src/boss/boss_web_controller.erl"},{line,297}]},{boss_web_controller,execute_action_inner,9,[{file,"src/boss/boss_web_controller.erl"},{line,276}]},{boss_web_controller_handle_request,process_dynamic_request,5,[{file,"src/boss/boss_web_controller_handle_request.erl"},{line,255}]},{boss_web_controller_handle_request,process_request,5,[{file,"src/boss/boss_web_controller_handle_request.erl"},{line,242}]},{timer,tc,3,[{file,"timer.erl"},{line,197}]},{boss_web_controller_handle_request,build_dynamic_response,4,[{file,"src/boss/boss_web_controller_handle_request.erl"},{line,135}]}]
2015-12-07 14:11:05.553 [error] <0.285.0>@boss_web_controller_handle_request:process_error:302 "Error in controller, see console.log for details\n"
2015-12-07 14:11:06.119 [error] <0.285.0>@boss_web_controller_handle_request:log_status_code:183 GET /greeting/create/assssss [battleship] 500 721ms
2015-12-07 14:11:10.602 [info] <0.285.0>@boss_web_controller_handle_request:log_status_code:187 POST /greeting/goodbye [battleship] 302 5ms
2015-12-07 14:11:10.616 [info] <0.285.0>@boss_web_controller_handle_request:log_status_code:187 GET /greeting/list [battleship] 200 8ms
2015-12-07 14:11:11.560 [info] <0.285.0>@boss_web_controller_handle_request:log_status_code:187 POST /greeting/goodbye [battleship] 302 8ms
2015-12-07 14:11:11.570 [info] <0.285.0>@boss_web_controller_handle_request:log_status_code:187 GET /greeting/list [battleship] 200 4ms
2015-12-07 14:13:34.282 [info] <0.291.0>@boss_controller_compiler:compile:71 Compile controller /home/brodan/Desktop/programming_languages/final_project/battleship/src/controller/battleship_greeting_controller.erl
2015-12-07 14:13:34.282 [notice] <0.291.0>@boss_compiler:compile:47 Compile file "/home/brodan/Desktop/programming_languages/final_project/battleship/src/controller/battleship_greeting_controller.erl" with options [debug_info,{pre_revert_transform,#Fun<boss_controller_compiler.add_routes_to_forms.1>},{out_dir,undefined},{include_dirs,["/home/brodan/Desktop/programming_languages/final_project/battleship/include"]},{compiler_options,[{parse_transform,lager_transform},return_errors]}] 
2015-12-07 14:13:34.288 [error] <0.291.0>@boss_web_controller_render:render_with_template:284 Error in view battleship_view_greeting_hello_html error:function_clause Stacktrace: [{string,to_upper,[undefined],[{file,"string.erl"},{line,529}]},{battleship_view_greeting_hello_html,render_internal,2,[{file,""},{line,1170}]},{battleship_view_greeting_hello_html,render,2,[{file,""},{line,515}]},{boss_web_controller_render,render_with_template,11,[{file,"src/boss/boss_web_controller_render.erl"},{line,276}]},{boss_web_controller_handle_request,run_controller_if_present,6,[{file,"src/boss/boss_web_controller_handle_request.erl"},{line,511}]},{boss_web_controller_handle_request,process_dynamic_request,5,[{file,"src/boss/boss_web_controller_handle_request.erl"},{line,255}]},{boss_web_controller_handle_request,process_request,5,[{file,"src/boss/boss_web_controller_handle_request.erl"},{line,242}]},{timer,tc,3,[{file,"timer.erl"},{line,197}]}]
2015-12-07 14:13:34.290 [error] <0.291.0>@boss_web_controller_handle_request:handle_request:39 Unhandled Error: error:function_clause Stacktrace: [{boss_web_controller_handle_request,process_result,[{boss_app_info,battleship,
                                                    [],"/static","/doc",all,
                                                    [{battleship_01_news,[]}],
                                                    <0.265.0>,<0.266.0>,
                                                    <0.268.0>,<0.269.0>,
                                                    ["greeting"],
                                                    [],
                                                    ["battleship_greeting_controller"]},
                                                   {sbw,cowboy_simple_bridge,
                                                    {cowboy_bridge,
                                                     #Ref<0.0.1.46167>},
                                                    false,[],[],[],none,
                                                    [{<<"host">>,
                                                      <<"localhost:8001">>},
                                                     {<<"connection">>,
                                                      <<"keep-alive">>},
                                                     {<<"cache-control">>,
                                                      <<"max-age=0">>},
                                                     {<<"accept">>,
                                                      <<"text/html,application/xhtml+xml,application/xml;q=0.9,image/webp,*/*;q=0.8">>},
                                                     {<<"user-agent">>,
                                                      <<"Mozilla/5.0 (X11; Linux x86_64) AppleWebKit/537.36 (KHTML, like Gecko) Chrome/38.0.2125.111 Safari/537.36">>},
                                                     {<<"accept-encoding">>,
                                                      <<"gzip,deflate,sdch">>},
                                                     {<<"accept-language">>,
                                                      <<"en-US,en;q=0.8">>}],
                                                    [],
                                                    {response,200,[],[],[]}},
                                                   ok],[{file,"src/boss/boss_web_controller_handle_request.erl"},{line,351}]},{boss_web_controller_handle_request,process_result_and_add_session,3,[{file,"src/boss/boss_web_controller_handle_request.erl"},{line,330}]},{timer,tc,3,[{file,"timer.erl"},{line,197}]},{boss_web_controller_handle_request,build_dynamic_response,4,[{file,"src/boss/boss_web_controller_handle_request.erl"},{line,135}]},{boss_web_controller_handle_request,handle_request,2,[{file,"src/boss/boss_web_controller_handle_request.erl"},{line,35}]},{boss_simple_bridge_handler,run,1,[{file,"src/boss/boss_simple_bridge_handler.erl"},{line,26}]},{cowboy_simple_bridge_anchor,handle,2,[{file,"src/cowboy_bridge_modules/cowboy_simple_bridge_anchor.erl"},{line,34}]},{cowboy_handler,handler_handle,4,[{file,"src/cowboy_handler.erl"},{line,111}]}]
2015-12-07 14:13:49.201 [info] <0.294.0>@boss_controller_compiler:compile:71 Compile controller /home/brodan/Desktop/programming_languages/final_project/battleship/src/controller/battleship_greeting_controller.erl
2015-12-07 14:13:49.201 [notice] <0.294.0>@boss_compiler:compile:47 Compile file "/home/brodan/Desktop/programming_languages/final_project/battleship/src/controller/battleship_greeting_controller.erl" with options [debug_info,{pre_revert_transform,#Fun<boss_controller_compiler.add_routes_to_forms.1>},{out_dir,undefined},{include_dirs,["/home/brodan/Desktop/programming_languages/final_project/battleship/include"]},{compiler_options,[{parse_transform,lager_transform},return_errors]}] 
2015-12-07 14:13:49.210 [info] <0.294.0>@boss_web_controller_handle_request:log_status_code:187 GET /greeting/hello [battleship] 200 15ms
2015-12-07 14:16:38.678 [info] <0.297.0>@boss_controller_compiler:compile:71 Compile controller /home/brodan/Desktop/programming_languages/final_project/battleship/src/controller/battleship_greeting_controller.erl
2015-12-07 14:16:38.678 [notice] <0.297.0>@boss_compiler:compile:47 Compile file "/home/brodan/Desktop/programming_languages/final_project/battleship/src/controller/battleship_greeting_controller.erl" with options [debug_info,{pre_revert_transform,#Fun<boss_controller_compiler.add_routes_to_forms.1>},{out_dir,undefined},{include_dirs,["/home/brodan/Desktop/programming_languages/final_project/battleship/include"]},{compiler_options,[{parse_transform,lager_transform},return_errors]}] 
2015-12-07 14:16:38.705 [info] <0.297.0>@boss_web_controller_handle_request:log_status_code:187 GET /greeting/hello [battleship] 200 31ms
2015-12-07 14:25:21.874 [notice] <0.304.0>@boss_compiler:compile:47 Compile file "/home/brodan/Desktop/programming_languages/final_project/battleship/src/model/greeting.erl" with options [debug_info,{pre_revert_transform,#Fun<boss_record_compiler.trick_out_forms.2>},{token_transform,#Fun<boss_record_compiler.process_tokens.1>},{out_dir,undefined},{include_dirs,["/home/brodan/Desktop/programming_languages/final_project/battleship/include"]},{compiler_options,[{parse_transform,lager_transform},return_errors]}] 
2015-12-07 14:25:21.875 [info] <0.304.0>@boss_record_compiler:process_tokens:120 Tokens [{'-',{1,1}},{atom,{1,2},module},{'(',{1,8}},{atom,{1,9},greeting},{',',{1,17}},{'[',{1,19}},{var,{1,20},'Id'},{',',{1,22}},{var,{1,24},'GreetingText'},{']',{1,36}},{')',{1,37}},{dot,{1,38}},{'-',{2,1}},{atom,{2,2},compile},{'(',{2,9}},{atom,{2,10},export_all},{')',{2,20}},{dot,{2,21}}]
2015-12-07 14:25:21.875 [notice] <0.304.0>@boss_record_compiler:make_generated_forms:225 Module "greeting" Parameters ['Id','GreetingText'] Attributes[{compile,export_all}]
2015-12-07 14:25:21.894 [info] <0.304.0>@boss_record_compiler:process_tokens:120 Tokens [{'-',{1,1}},{atom,{1,2},module},{'(',{1,8}},{atom,{1,9},greeting},{',',{1,17}},{'[',{1,19}},{var,{1,20},'Id'},{',',{1,22}},{var,{1,24},'GreetingText'},{']',{1,36}},{')',{1,37}},{dot,{1,38}},{'-',{2,1}},{atom,{2,2},compile},{'(',{2,9}},{atom,{2,10},export_all},{')',{2,20}},{dot,{2,21}}]
2015-12-07 14:25:21.895 [notice] <0.304.0>@boss_record_compiler:make_generated_forms:225 Module "greeting" Parameters ['Id','GreetingText'] Attributes[{compile,export_all}]
2015-12-07 14:25:22.238 [info] <0.304.0>@boss_web_controller_handle_request:log_status_code:187 GET /doc/greeting [battleship] 200 372ms
2015-12-07 14:34:38.565 [info] <0.310.0>@boss_controller_compiler:compile:71 Compile controller /home/brodan/Desktop/programming_languages/final_project/battleship/src/controller/battleship_greeting_controller.erl
2015-12-07 14:34:38.565 [notice] <0.310.0>@boss_compiler:compile:47 Compile file "/home/brodan/Desktop/programming_languages/final_project/battleship/src/controller/battleship_greeting_controller.erl" with options [debug_info,{pre_revert_transform,#Fun<boss_controller_compiler.add_routes_to_forms.1>},{out_dir,undefined},{include_dirs,["/home/brodan/Desktop/programming_languages/final_project/battleship/include"]},{compiler_options,[{parse_transform,lager_transform},return_errors]}] 
2015-12-07 14:34:38.593 [info] <0.310.0>@boss_web_controller_handle_request:log_status_code:187 GET /greeting/create [battleship] 200 39ms
2015-12-07 14:34:43.204 [info] <0.310.0>@boss_web_controller_handle_request:log_status_code:187 POST /greeting/create [battleship] 302 8ms
2015-12-07 14:34:43.231 [info] <0.310.0>@boss_web_controller_handle_request:log_status_code:187 GET /greeting/list [battleship] 200 21ms
2015-12-07 14:34:49.216 [info] <0.317.0>@boss_web_controller_handle_request:log_status_code:187 GET /greeting/create [battleship] 200 19ms
2015-12-07 14:34:50.137 [info] <0.317.0>@boss_web_controller_handle_request:log_status_code:187 POST /greeting/create [battleship] 302 16ms
2015-12-07 14:34:50.153 [info] <0.317.0>@boss_web_controller_handle_request:log_status_code:187 GET /greeting/list [battleship] 200 11ms
2015-12-07 14:44:06.431 [info] <0.321.0>@boss_controller_compiler:compile:71 Compile controller /home/brodan/Desktop/programming_languages/final_project/battleship/src/controller/battleship_greeting_controller.erl
2015-12-07 14:44:06.431 [notice] <0.321.0>@boss_compiler:compile:47 Compile file "/home/brodan/Desktop/programming_languages/final_project/battleship/src/controller/battleship_greeting_controller.erl" with options [debug_info,{pre_revert_transform,#Fun<boss_controller_compiler.add_routes_to_forms.1>},{out_dir,undefined},{include_dirs,["/home/brodan/Desktop/programming_languages/final_project/battleship/include"]},{compiler_options,[{parse_transform,lager_transform},return_errors]}] 
2015-12-07 14:44:06.448 [notice] <0.321.0>@boss_compiler:compile:47 Compile file "/home/brodan/Desktop/programming_languages/final_project/battleship/src/model/greeting.erl" with options [debug_info,{pre_revert_transform,#Fun<boss_record_compiler.trick_out_forms.2>},{token_transform,#Fun<boss_record_compiler.process_tokens.1>},{out_dir,undefined},{include_dirs,["/home/brodan/Desktop/programming_languages/final_project/battleship/include"]},{compiler_options,[{parse_transform,lager_transform},return_errors]}] 
2015-12-07 14:44:06.449 [info] <0.321.0>@boss_record_compiler:process_tokens:120 Tokens [{'-',{1,1}},{atom,{1,2},module},{'(',{1,8}},{atom,{1,9},greeting},{',',{1,17}},{'[',{1,19}},{var,{1,20},'Id'},{',',{1,22}},{var,{1,24},'GreetingText'},{']',{1,36}},{')',{1,37}},{dot,{1,38}},{'-',{2,1}},{atom,{2,2},compile},{'(',{2,9}},{atom,{2,10},export_all},{')',{2,20}},{dot,{2,21}},{atom,{4,1},validation_tests},{'(',{4,17}},{')',{4,18}},{'->',{4,20}},{'[',{5,2}},{'{',{5,3}},{fun,{5,4}},{'(',{5,7}},{')',{5,8}},{'->',{5,10}},{atom,{5,13},length},{'(',{5,19}},{var,{5,20},'GreetingText'},{')',{5,32}},{'>',{5,34}},{integer,{5,36},0},{end,{5,38}},{',',{5,41}},{string,{6,2},"Greeting must be non-empty!"},{'}',{6,31}},{',',{6,32}},{'{',{7,2}},{fun,{7,3}},{'(',{7,6}},{')',{7,7}},{'->',{7,9}},{atom,{7,12},length},{'(',{7,18}},{var,{7,19},'GreetingText'},{')',{7,31}},{'=<',{7,33}},{integer,{7,36},140},{end,{7,40}},{',',{7,43}},{string,{8,2},"Greeting must be tweetable"},{'}',{8,30}},{']',{8,31}},{dot,{8,32}}]
2015-12-07 14:44:06.449 [notice] <0.321.0>@boss_record_compiler:make_generated_forms:225 Module "greeting" Parameters ['Id','GreetingText'] Attributes[{compile,export_all}]
2015-12-07 14:44:06.493 [info] <0.321.0>@boss_web_controller_handle_request:log_status_code:187 GET /greeting/create [battleship] 200 64ms
2015-12-07 14:44:08.894 [error] <0.321.0>@boss_web_controller:call_controller_action:308 Error in controller error:{badmatch,{error,["Greeting must be non-empty!"]}} Stacktrace: [{battleship_greeting_controller,create,3,[{file,"/home/brodan/Desktop/programming_languages/final_project/battleship/src/controller/battleship_greeting_controller.erl"},{line,16}]},{boss_web_controller,call_controller_action,3,[{file,"src/boss/boss_web_controller.erl"},{line,305}]},{boss_web_controller,apply_action,4,[{file,"src/boss/boss_web_controller.erl"},{line,297}]},{boss_web_controller,execute_action_inner,9,[{file,"src/boss/boss_web_controller.erl"},{line,276}]},{boss_web_controller_handle_request,process_dynamic_request,5,[{file,"src/boss/boss_web_controller_handle_request.erl"},{line,255}]},{boss_web_controller_handle_request,process_request,5,[{file,"src/boss/boss_web_controller_handle_request.erl"},{line,242}]},{timer,tc,3,[{file,"timer.erl"},{line,197}]},{boss_web_controller_handle_request,build_dynamic_response,4,[{file,"src/boss/boss_web_controller_handle_request.erl"},{line,135}]}]
2015-12-07 14:44:08.896 [error] <0.321.0>@boss_web_controller_handle_request:process_error:302 "Error in controller, see console.log for details\n"
2015-12-07 14:44:08.897 [error] <0.321.0>@boss_web_controller_handle_request:log_status_code:183 POST /greeting/create [battleship] 500 6ms
2015-12-07 14:49:41.507 [info] <0.327.0>@boss_controller_compiler:compile:71 Compile controller /home/brodan/Desktop/programming_languages/final_project/battleship/src/controller/battleship_greeting_controller.erl
2015-12-07 14:49:41.507 [notice] <0.327.0>@boss_compiler:compile:47 Compile file "/home/brodan/Desktop/programming_languages/final_project/battleship/src/controller/battleship_greeting_controller.erl" with options [debug_info,{pre_revert_transform,#Fun<boss_controller_compiler.add_routes_to_forms.1>},{out_dir,undefined},{include_dirs,["/home/brodan/Desktop/programming_languages/final_project/battleship/include"]},{compiler_options,[{parse_transform,lager_transform},return_errors]}] 
2015-12-07 14:49:41.548 [info] <0.327.0>@boss_web_controller_handle_request:log_status_code:187 GET /greeting/create [battleship] 200 43ms
2015-12-07 14:49:42.268 [info] <0.327.0>@boss_web_controller_handle_request:log_status_code:187 GET /greeting/create [battleship] 200 20ms
2015-12-07 14:49:43.869 [info] <0.327.0>@boss_web_controller_handle_request:log_status_code:187 POST /greeting/create [battleship] 200 8ms
2015-12-07 14:49:47.780 [info] <0.327.0>@boss_web_controller_handle_request:log_status_code:187 POST /greeting/create [battleship] 302 11ms
2015-12-07 14:49:47.821 [info] <0.327.0>@boss_web_controller_handle_request:log_status_code:187 GET /greeting/list [battleship] 200 35ms
2015-12-07 14:58:09.506 [info] <0.339.0>@boss_controller_compiler:compile:71 Compile controller /home/brodan/Desktop/programming_languages/final_project/battleship/src/controller/battleship_greeting_controller.erl
2015-12-07 14:58:09.507 [notice] <0.339.0>@boss_compiler:compile:47 Compile file "/home/brodan/Desktop/programming_languages/final_project/battleship/src/controller/battleship_greeting_controller.erl" with options [debug_info,{pre_revert_transform,#Fun<boss_controller_compiler.add_routes_to_forms.1>},{out_dir,undefined},{include_dirs,["/home/brodan/Desktop/programming_languages/final_project/battleship/include"]},{compiler_options,[{parse_transform,lager_transform},return_errors]}] 
2015-12-07 14:58:09.536 [notice] <0.339.0>@boss_compiler:compile:47 Compile file "/home/brodan/Desktop/programming_languages/final_project/battleship/src/model/greeting.erl" with options [debug_info,{pre_revert_transform,#Fun<boss_record_compiler.trick_out_forms.2>},{token_transform,#Fun<boss_record_compiler.process_tokens.1>},{out_dir,undefined},{include_dirs,["/home/brodan/Desktop/programming_languages/final_project/battleship/include"]},{compiler_options,[{parse_transform,lager_transform},return_errors]}] 
2015-12-07 14:58:09.553 [info] <0.339.0>@boss_record_compiler:process_tokens:120 Tokens [{'-',{1,1}},{atom,{1,2},module},{'(',{1,8}},{atom,{1,9},greeting},{',',{1,17}},{'[',{1,19}},{var,{1,20},'Id'},{',',{1,22}},{var,{1,24},'GreetingText'},{']',{1,36}},{')',{1,37}},{dot,{1,38}},{'-',{2,1}},{atom,{2,2},compile},{'(',{2,9}},{atom,{2,10},export_all},{')',{2,20}},{dot,{2,21}},{atom,{4,1},validation_tests},{'(',{4,17}},{')',{4,18}},{'->',{4,20}},{'[',{5,2}},{'{',{5,3}},{fun,{5,4}},{'(',{5,7}},{')',{5,8}},{'->',{5,10}},{atom,{5,13},length},{'(',{5,19}},{var,{5,20},'GreetingText'},{')',{5,32}},{'>',{5,34}},{integer,{5,36},0},{end,{5,38}},{',',{5,41}},{string,{6,2},"Greeting must be non-empty!"},{'}',{6,31}},{',',{6,32}},{'{',{7,2}},{fun,{7,3}},{'(',{7,6}},{')',{7,7}},{'->',{7,9}},{atom,{7,12},length},{'(',{7,18}},{var,{7,19},'GreetingText'},{')',{7,31}},{'=<',{7,33}},{integer,{7,36},140},{end,{7,40}},{',',{7,43}},{string,{8,2},"Greeting must be tweetable"},{'}',{8,30}},{']',{8,31}},{dot,{8,32}},{atom,{10,1},before_create},{'(',{10,14}},{')',{10,15}},{'->',{10,17}},{var,{11,2},'ModifiedRecord'},{'=',{11,17}},{atom,{11,19},set},{'(',{11,22}},{atom,{11,23},greeting_text},{',',{11,36}},{atom,{12,2},re},{':',{12,4}},{atom,{12,5},replace},{'(',{12,12}},{var,{12,13},'GreetingText'},{',',{12,25}},{string,{13,2},"masticate"},{',',{13,13}},{string,{13,15},"chew"},{',',{13,21}},{'[',{14,2}},{'{',{14,3}},{atom,{14,4},return},{',',{14,10}},{atom,{14,12},list},{'}',{14,16}},{']',{14,17}},{')',{14,18}},{')',{14,19}},{',',{14,20}},{'{',{15,2}},{atom,{15,3},ok},{',',{15,5}},{var,{15,7},'ModifiedRecord'},{'}',{15,21}},{dot,{15,22}}]
2015-12-07 14:58:09.554 [notice] <0.339.0>@boss_record_compiler:make_generated_forms:225 Module "greeting" Parameters ['Id','GreetingText'] Attributes[{compile,export_all}]
2015-12-07 14:58:09.580 [info] <0.339.0>@boss_web_controller_handle_request:log_status_code:187 GET /greeting/send_test_message [battleship] 200 80ms
2015-12-07 14:58:16.948 [info] <0.344.0>@boss_web_controller_handle_request:log_status_code:187 GET /greeting/send_test_message [battleship] 200 7ms
2015-12-07 15:06:39.386 [info] <0.347.0>@boss_controller_compiler:compile:71 Compile controller /home/brodan/Desktop/programming_languages/final_project/battleship/src/controller/battleship_greeting_controller.erl
2015-12-07 15:06:39.386 [notice] <0.347.0>@boss_compiler:compile:47 Compile file "/home/brodan/Desktop/programming_languages/final_project/battleship/src/controller/battleship_greeting_controller.erl" with options [debug_info,{pre_revert_transform,#Fun<boss_controller_compiler.add_routes_to_forms.1>},{out_dir,undefined},{include_dirs,["/home/brodan/Desktop/programming_languages/final_project/battleship/include"]},{compiler_options,[{parse_transform,lager_transform},return_errors]}] 
2015-12-07 15:06:39.438 [notice] <0.347.0>@boss_compiler:compile:47 Compile file "/home/brodan/Desktop/programming_languages/final_project/battleship/src/model/greeting.erl" with options [debug_info,{pre_revert_transform,#Fun<boss_record_compiler.trick_out_forms.2>},{token_transform,#Fun<boss_record_compiler.process_tokens.1>},{out_dir,undefined},{include_dirs,["/home/brodan/Desktop/programming_languages/final_project/battleship/include"]},{compiler_options,[{parse_transform,lager_transform},return_errors]}] 
2015-12-07 15:06:39.438 [info] <0.347.0>@boss_record_compiler:process_tokens:120 Tokens [{'-',{1,1}},{atom,{1,2},module},{'(',{1,8}},{atom,{1,9},greeting},{',',{1,17}},{'[',{1,19}},{var,{1,20},'Id'},{',',{1,22}},{var,{1,24},'GreetingText'},{']',{1,36}},{')',{1,37}},{dot,{1,38}},{'-',{2,1}},{atom,{2,2},compile},{'(',{2,9}},{atom,{2,10},export_all},{')',{2,20}},{dot,{2,21}},{atom,{4,1},validation_tests},{'(',{4,17}},{')',{4,18}},{'->',{4,20}},{'[',{5,2}},{'{',{5,3}},{fun,{5,4}},{'(',{5,7}},{')',{5,8}},{'->',{5,10}},{atom,{5,13},length},{'(',{5,19}},{var,{5,20},'GreetingText'},{')',{5,32}},{'>',{5,34}},{integer,{5,36},0},{end,{5,38}},{',',{5,41}},{string,{6,2},"Greeting must be non-empty!"},{'}',{6,31}},{',',{6,32}},{'{',{7,2}},{fun,{7,3}},{'(',{7,6}},{')',{7,7}},{'->',{7,9}},{atom,{7,12},length},{'(',{7,18}},{var,{7,19},'GreetingText'},{')',{7,31}},{'=<',{7,33}},{integer,{7,36},140},{end,{7,40}},{',',{7,43}},{string,{8,2},"Greeting must be tweetable"},{'}',{8,30}},{']',{8,31}},{dot,{8,32}},{atom,{10,1},before_create},{'(',{10,14}},{')',{10,15}},{'->',{10,17}},{var,{11,2},'ModifiedRecord'},{'=',{11,17}},{atom,{11,19},set},{'(',{11,22}},{atom,{11,23},greeting_text},{',',{11,36}},{atom,{12,2},re},{':',{12,4}},{atom,{12,5},replace},{'(',{12,12}},{var,{12,13},'GreetingText'},{',',{12,25}},{string,{13,2},"masticate"},{',',{13,13}},{string,{13,15},"chew"},{',',{13,21}},{'[',{14,2}},{'{',{14,3}},{atom,{14,4},return},{',',{14,10}},{atom,{14,12},list},{'}',{14,16}},{']',{14,17}},{')',{14,18}},{')',{14,19}},{',',{14,20}},{'{',{15,2}},{atom,{15,3},ok},{',',{15,5}},{var,{15,7},'ModifiedRecord'},{'}',{15,21}},{dot,{15,22}},{atom,{17,1},after_create},{'(',{17,13}},{')',{17,14}},{'->',{17,16}},{atom,{18,2},boss_mq},{':',{18,9}},{atom,{18,10},push},{'(',{18,14}},{string,{18,15},"new-greetings"},{',',{18,30}},{var,{18,32},'THIS'},{')',{18,36}},{dot,{18,37}}]
2015-12-07 15:06:39.441 [notice] <0.347.0>@boss_record_compiler:make_generated_forms:225 Module "greeting" Parameters ['Id','GreetingText'] Attributes[{compile,export_all}]
2015-12-07 15:06:39.466 [info] <0.347.0>@boss_web_controller_handle_request:log_status_code:187 GET /greeting/create [battleship] 200 94ms
2015-12-07 15:06:43.296 [info] <0.347.0>@boss_web_controller_handle_request:log_status_code:187 GET /greeting/live [battleship] 200 37ms
2015-12-07 15:06:56.946 [info] <0.355.0>@boss_web_controller_handle_request:log_status_code:187 POST /greeting/create [battleship] 302 19ms
2015-12-07 15:06:57.057 [info] <0.347.0>@boss_web_controller_handle_request:log_status_code:187 GET /greeting/pull/1449518803270651 [battleship] 200 13502ms
2015-12-07 15:06:57.066 [info] <0.355.0>@boss_web_controller_handle_request:log_status_code:187 GET /greeting/list [battleship] 200 116ms
2015-12-07 15:07:03.162 [info] <0.359.0>@boss_web_controller_handle_request:log_status_code:187 GET /greeting/create [battleship] 200 13ms
2015-12-07 15:07:06.129 [info] <0.355.0>@boss_web_controller_handle_request:log_status_code:187 GET /greeting/pull/1449518816943162 [battleship] 200 9029ms
2015-12-07 15:07:06.133 [info] <0.359.0>@boss_web_controller_handle_request:log_status_code:187 POST /greeting/create [battleship] 302 11ms
2015-12-07 15:07:06.161 [info] <0.355.0>@boss_web_controller_handle_request:log_status_code:187 GET /greeting/list [battleship] 200 17ms
2015-12-07 15:07:08.636 [info] <0.355.0>@boss_web_controller_handle_request:log_status_code:187 GET /greeting/create [battleship] 200 15ms
2015-12-07 15:07:13.550 [info] <0.359.0>@boss_web_controller_handle_request:log_status_code:187 GET /greeting/pull/1449518826127708 [battleship] 200 7408ms
2015-12-07 15:07:13.556 [info] <0.355.0>@boss_web_controller_handle_request:log_status_code:187 POST /greeting/create [battleship] 302 16ms
2015-12-07 15:07:13.580 [info] <0.359.0>@boss_web_controller_handle_request:log_status_code:187 GET /greeting/list [battleship] 200 8ms
2015-12-07 15:07:25.358 [info] <0.368.0>@boss_web_controller_handle_request:log_status_code:187 GET /greeting/create [battleship] 200 12ms
2015-12-07 15:07:31.932 [info] <0.355.0>@boss_web_controller_handle_request:log_status_code:187 GET /greeting/pull/1449518833547979 [battleship] 200 18365ms
2015-12-07 15:07:31.935 [info] <0.370.0>@boss_web_controller_handle_request:log_status_code:187 POST /greeting/create [battleship] 302 18ms
2015-12-07 15:07:31.957 [info] <0.370.0>@boss_web_controller_handle_request:log_status_code:187 GET /greeting/list [battleship] 200 8ms
2015-12-07 15:11:43.610 [warning] <0.6.0> lager_error_logger_h dropped 29 messages in the last second that exceeded the limit of 50 messages/sec
2015-12-07 15:11:43.610 [info] <0.377.0> Did you see that??

2015-12-07 15:11:43.612 [info] <0.355.0>@boss_web_controller_handle_request:log_status_code:187 GET /greeting/pull/1449518851930797 [battleship] 200 251672ms
2015-12-07 15:11:47.281 [info] <0.380.0> Did you see that??

2015-12-07 15:11:47.283 [info] <0.355.0>@boss_web_controller_handle_request:log_status_code:187 GET /greeting/pull/1449519103610541 [battleship] 200 3657ms
2015-12-07 15:12:25.105 [info] <0.385.0> Did you see that??

2015-12-07 15:12:25.105 [info] <0.383.0>@boss_web_controller_handle_request:log_status_code:187 POST /greeting/goodbye [battleship] 302 16ms
2015-12-07 15:12:25.120 [info] <0.383.0>@boss_web_controller_handle_request:log_status_code:187 GET /greeting/list [battleship] 200 8ms
2015-12-07 15:12:31.290 [info] <0.389.0> Did you see that??

2015-12-07 15:12:31.291 [info] <0.387.0>@boss_web_controller_handle_request:log_status_code:187 POST /greeting/goodbye [battleship] 302 8ms
2015-12-07 15:12:31.307 [info] <0.387.0>@boss_web_controller_handle_request:log_status_code:187 GET /greeting/list [battleship] 200 11ms
2015-12-07 15:12:33.976 [info] <0.392.0> Did you see that??

2015-12-07 15:12:33.976 [info] <0.387.0>@boss_web_controller_handle_request:log_status_code:187 POST /greeting/goodbye [battleship] 302 14ms
2015-12-07 15:12:33.989 [info] <0.387.0>@boss_web_controller_handle_request:log_status_code:187 GET /greeting/list [battleship] 200 9ms
2015-12-07 15:12:36.188 [info] <0.395.0> Did you see that??

2015-12-07 15:12:36.188 [info] <0.387.0>@boss_web_controller_handle_request:log_status_code:187 POST /greeting/goodbye [battleship] 302 9ms
2015-12-07 15:12:36.204 [info] <0.387.0>@boss_web_controller_handle_request:log_status_code:187 GET /greeting/list [battleship] 200 11ms
2015-12-07 15:12:40.540 [info] <0.398.0> Did you see that??

2015-12-07 15:12:40.541 [info] <0.387.0>@boss_web_controller_handle_request:log_status_code:187 POST /greeting/goodbye [battleship] 302 15ms
2015-12-07 15:12:40.570 [info] <0.387.0>@boss_web_controller_handle_request:log_status_code:187 GET /greeting/list [battleship] 200 10ms
2015-12-07 15:12:43.121 [info] <0.387.0>@boss_web_controller_handle_request:log_status_code:187 GET /greeting/live [battleship] 200 20ms
2015-12-07 15:12:45.920 [info] <0.404.0> Did you see that??

2015-12-07 15:12:45.921 [info] <0.402.0>@boss_web_controller_handle_request:log_status_code:187 POST /greeting/goodbye [battleship] 302 12ms
2015-12-07 15:12:45.935 [info] <0.402.0>@boss_web_controller_handle_request:log_status_code:187 GET /greeting/list [battleship] 200 10ms
2015-12-07 15:12:53.232 [info] <0.406.0>@boss_web_controller_handle_request:log_status_code:187 GET /greeting/create [battleship] 200 23ms
2015-12-07 15:12:57.228 [info] <0.409.0> Did you see that??

2015-12-07 15:12:57.230 [info] <0.355.0>@boss_web_controller_handle_request:log_status_code:187 GET /greeting/pull/1449519107281643 [battleship] 200 69938ms
2015-12-07 15:12:57.232 [info] <0.387.0>@boss_web_controller_handle_request:log_status_code:187 GET /greeting/pull/1449519163118918 [battleship] 200 13907ms
2015-12-07 15:12:57.236 [info] <0.406.0>@boss_web_controller_handle_request:log_status_code:187 POST /greeting/create [battleship] 302 12ms
2015-12-07 15:12:57.268 [info] <0.387.0>@boss_web_controller_handle_request:log_status_code:187 GET /greeting/list [battleship] 200 11ms
2015-12-07 15:14:41.324 [info] <0.417.0> Didn't you hear? "greeting-11" was deleted

2015-12-07 15:14:41.325 [info] <0.415.0>@boss_web_controller_handle_request:log_status_code:187 POST /greeting/goodbye [battleship] 302 17ms
2015-12-07 15:14:41.341 [info] <0.415.0>@boss_web_controller_handle_request:log_status_code:187 GET /greeting/list [battleship] 200 11ms
2015-12-07 15:14:44.066 [info] <0.415.0>@boss_web_controller_handle_request:log_status_code:187 GET /greeting/create [battleship] 200 17ms
2015-12-07 15:14:46.873 [info] <0.421.0> Didn't you hear? "greeting-12" was created

2015-12-07 15:14:46.875 [info] <0.406.0>@boss_web_controller_handle_request:log_status_code:187 GET /greeting/pull/1449519177228649 [battleship] 200 109621ms
2015-12-07 15:14:46.878 [info] <0.415.0>@boss_web_controller_handle_request:log_status_code:187 POST /greeting/create [battleship] 302 9ms
2015-12-07 15:14:46.908 [info] <0.406.0>@boss_web_controller_handle_request:log_status_code:187 GET /greeting/list [battleship] 200 6ms
2015-12-07 15:14:51.731 [info] <0.425.0> Didn't you hear? "greeting-12" was deleted

2015-12-07 15:14:51.731 [info] <0.406.0>@boss_web_controller_handle_request:log_status_code:187 POST /greeting/goodbye [battleship] 302 16ms
2015-12-07 15:14:51.740 [info] <0.406.0>@boss_web_controller_handle_request:log_status_code:187 GET /greeting/list [battleship] 200 5ms
2015-12-07 15:19:37.131 [notice] <0.434.0>@boss_compiler:compile:47 Compile file "/home/brodan/Desktop/programming_languages/final_project/battleship/src/model/greeting.erl" with options [debug_info,{pre_revert_transform,#Fun<boss_record_compiler.trick_out_forms.2>},{token_transform,#Fun<boss_record_compiler.process_tokens.1>},{out_dir,undefined},{include_dirs,["/home/brodan/Desktop/programming_languages/final_project/battleship/include"]},{compiler_options,[{parse_transform,lager_transform},return_errors]}] 
2015-12-07 15:19:37.132 [info] <0.434.0>@boss_record_compiler:process_tokens:120 Tokens [{'-',{1,1}},{atom,{1,2},module},{'(',{1,8}},{atom,{1,9},greeting},{',',{1,17}},{'[',{1,19}},{var,{1,20},'Id'},{',',{1,22}},{var,{1,24},'GreetingText'},{']',{1,36}},{')',{1,37}},{dot,{1,38}},{'-',{2,1}},{atom,{2,2},compile},{'(',{2,9}},{atom,{2,10},export_all},{')',{2,20}},{dot,{2,21}},{atom,{4,1},validation_tests},{'(',{4,17}},{')',{4,18}},{'->',{4,20}},{'[',{5,2}},{'{',{5,3}},{fun,{5,4}},{'(',{5,7}},{')',{5,8}},{'->',{5,10}},{atom,{5,13},length},{'(',{5,19}},{var,{5,20},'GreetingText'},{')',{5,32}},{'>',{5,34}},{integer,{5,36},0},{end,{5,38}},{',',{5,41}},{string,{6,2},"Greeting must be non-empty!"},{'}',{6,31}},{',',{6,32}},{'{',{7,2}},{fun,{7,3}},{'(',{7,6}},{')',{7,7}},{'->',{7,9}},{atom,{7,12},length},{'(',{7,18}},{var,{7,19},'GreetingText'},{')',{7,31}},{'=<',{7,33}},{integer,{7,36},140},{end,{7,40}},{',',{7,43}},{string,{8,2},"Greeting must be tweetable"},{'}',{8,30}},{']',{8,31}},{dot,{8,32}},{atom,{10,1},before_create},{'(',{10,14}},{')',{10,15}},{'->',{10,17}},{var,{11,2},'ModifiedRecord'},{'=',{11,17}},{atom,{11,19},set},{'(',{11,22}},{atom,{11,23},greeting_text},{',',{11,36}},{atom,{12,2},re},{':',{12,4}},{atom,{12,5},replace},{'(',{12,12}},{var,{12,13},'GreetingText'},{',',{12,25}},{string,{13,2},"masticate"},{',',{13,13}},{string,{13,15},"chew"},{',',{13,21}},{'[',{14,2}},{'{',{14,3}},{atom,{14,4},return},{',',{14,10}},{atom,{14,12},list},{'}',{14,16}},{']',{14,17}},{')',{14,18}},{')',{14,19}},{',',{14,20}},{'{',{15,2}},{atom,{15,3},ok},{',',{15,5}},{var,{15,7},'ModifiedRecord'},{'}',{15,21}},{dot,{15,22}},{eof,{18,42}}]
2015-12-07 15:19:37.133 [notice] <0.434.0>@boss_record_compiler:make_generated_forms:225 Module "greeting" Parameters ['Id','GreetingText'] Attributes[{compile,export_all}]
2015-12-07 15:19:37.173 [info] <0.434.0>@boss_web_controller_handle_request:log_status_code:187 GET /greeting/live [battleship] 200 44ms
2015-12-07 15:19:49.285 [info] <0.438.0>@boss_web_controller_handle_request:log_status_code:187 POST /greeting/goodbye [battleship] 302 9ms
2015-12-07 15:19:49.302 [info] <0.438.0>@boss_web_controller_handle_request:log_status_code:187 GET /greeting/list [battleship] 200 12ms
2015-12-07 15:19:51.790 [info] <0.438.0>@boss_web_controller_handle_request:log_status_code:187 POST /greeting/goodbye [battleship] 302 8ms
2015-12-07 15:19:51.802 [info] <0.438.0>@boss_web_controller_handle_request:log_status_code:187 GET /greeting/list [battleship] 200 7ms
2015-12-07 15:19:52.816 [info] <0.438.0>@boss_web_controller_handle_request:log_status_code:187 GET /greeting/create [battleship] 200 10ms
2015-12-07 15:19:55.609 [info] <0.434.0>@boss_web_controller_handle_request:log_status_code:187 GET /greeting/pull/1449519577166632 [battleship] 200 18234ms
2015-12-07 15:19:55.609 [info] <0.415.0>@boss_web_controller_handle_request:log_status_code:187 GET /greeting/pull/1449519286873194 [battleship] 200 308712ms
2015-12-07 15:19:55.610 [info] <0.438.0>@boss_web_controller_handle_request:log_status_code:187 POST /greeting/create [battleship] 302 10ms
2015-12-07 15:19:55.639 [info] <0.438.0>@boss_web_controller_handle_request:log_status_code:187 GET /greeting/list [battleship] 200 20ms
2015-12-07 15:19:57.663 [info] <0.438.0>@boss_web_controller_handle_request:log_status_code:187 GET /greeting/create [battleship] 200 7ms
2015-12-07 15:20:01.337 [info] <0.434.0>@boss_web_controller_handle_request:log_status_code:187 GET /greeting/pull/1449519595607323 [battleship] 200 5700ms
2015-12-07 15:20:01.338 [info] <0.438.0>@boss_web_controller_handle_request:log_status_code:187 POST /greeting/create [battleship] 302 11ms
2015-12-07 15:20:01.362 [info] <0.438.0>@boss_web_controller_handle_request:log_status_code:187 GET /greeting/list [battleship] 200 12ms
2015-12-07 15:20:18.828 [notice] <0.95.0>@boss_compiler:compile:47 Compile file "/home/brodan/Desktop/programming_languages/final_project/battleship/priv/init/battleship_01_news.erl" with options [{include_dirs,["/home/brodan/Desktop/programming_languages/final_project/battleship/include"]}] 
2015-12-07 15:20:18.836 [notice] <0.95.0>@boss_compiler:compile:47 Compile file "/home/brodan/Desktop/programming_languages/final_project/battleship/priv/init/battleship_01_news.erl" with options [{include_dirs,["/home/brodan/Desktop/programming_languages/final_project/battleship/include"]}] 
2015-12-07 15:20:47.221 [info] <0.7.0> Application lager started on node 'battleship@brodan-Lenovo-G500'
2015-12-07 15:20:47.231 [info] <0.7.0> Application crypto started on node 'battleship@brodan-Lenovo-G500'
2015-12-07 15:20:47.243 [info] <0.7.0> Application mimetypes started on node 'battleship@brodan-Lenovo-G500'
2015-12-07 15:20:47.364 [info] <0.95.0>@boss_web_controller_init:init_services:132 Starting Boss in development mode...
2015-12-07 15:20:47.372 [info] <0.95.0>@boss_db:start:77 Start Database Adapter boss_db_adapter_mock options [{adapter,mock},{cache_enable,false},{cache_prefix,db},{shards,[]},{is_master_node,true},{db_host,"localhost"},{db_port,1978}]
2015-12-07 15:20:47.421 [info] <0.7.0> Application tinymq started on node 'battleship@brodan-Lenovo-G500'
2015-12-07 15:20:47.465 [notice] <0.63.0>@lager_app:132 Deprecated lager_file_backend config detected, please consider updating it
2015-12-07 15:20:47.483 [info] <0.7.0> Application ranch started on node 'battleship@brodan-Lenovo-G500'
2015-12-07 15:20:47.485 [info] <0.7.0> Application cowlib started on node 'battleship@brodan-Lenovo-G500'
2015-12-07 15:20:47.493 [info] <0.7.0> Application cowboy started on node 'battleship@brodan-Lenovo-G500'
2015-12-07 15:20:47.590 [notice] <0.95.0>@boss_compiler:compile:47 Compile file "/home/brodan/Desktop/programming_languages/final_project/battleship/src/mail/battleship_outgoing_mail_controller.erl" with options [{out_dir,undefined},{include_dirs,["/home/brodan/Desktop/programming_languages/final_project/battleship/include"]},{compiler_options,[{parse_transform,lager_transform},return_errors]}] 
2015-12-07 15:20:47.639 [notice] <0.95.0>@boss_compiler:compile:47 Compile file "/home/brodan/Desktop/programming_languages/final_project/battleship/src/mail/battleship_incoming_mail_controller.erl" with options [{out_dir,undefined},{include_dirs,["/home/brodan/Desktop/programming_languages/final_project/battleship/include"]},{compiler_options,[{parse_transform,lager_transform},return_errors]}] 
2015-12-07 15:20:47.651 [info] <0.95.0>@boss_controller_compiler:compile:71 Compile controller /home/brodan/Desktop/programming_languages/final_project/battleship/src/controller/battleship_greeting_controller.erl
2015-12-07 15:20:47.651 [notice] <0.95.0>@boss_compiler:compile:47 Compile file "/home/brodan/Desktop/programming_languages/final_project/battleship/src/controller/battleship_greeting_controller.erl" with options [debug_info,{pre_revert_transform,#Fun<boss_controller_compiler.add_routes_to_forms.1>},{out_dir,undefined},{include_dirs,["/home/brodan/Desktop/programming_languages/final_project/battleship/include"]},{compiler_options,[{parse_transform,lager_transform},return_errors]}] 
2015-12-07 15:20:47.671 [notice] <0.95.0>@boss_compiler:compile:47 Compile file "/home/brodan/Desktop/programming_languages/final_project/battleship/src/model/greeting.erl" with options [debug_info,{pre_revert_transform,#Fun<boss_record_compiler.trick_out_forms.2>},{token_transform,#Fun<boss_record_compiler.process_tokens.1>},{out_dir,undefined},{include_dirs,["/home/brodan/Desktop/programming_languages/final_project/battleship/include"]},{compiler_options,[{parse_transform,lager_transform},return_errors]}] 
2015-12-07 15:20:47.672 [info] <0.95.0>@boss_record_compiler:process_tokens:120 Tokens [{'-',{1,1}},{atom,{1,2},module},{'(',{1,8}},{atom,{1,9},greeting},{',',{1,17}},{'[',{1,19}},{var,{1,20},'Id'},{',',{1,22}},{var,{1,24},'GreetingText'},{']',{1,36}},{')',{1,37}},{dot,{1,38}},{'-',{2,1}},{atom,{2,2},compile},{'(',{2,9}},{atom,{2,10},export_all},{')',{2,20}},{dot,{2,21}},{atom,{4,1},validation_tests},{'(',{4,17}},{')',{4,18}},{'->',{4,20}},{'[',{5,2}},{'{',{5,3}},{fun,{5,4}},{'(',{5,7}},{')',{5,8}},{'->',{5,10}},{atom,{5,13},length},{'(',{5,19}},{var,{5,20},'GreetingText'},{')',{5,32}},{'>',{5,34}},{integer,{5,36},0},{end,{5,38}},{',',{5,41}},{string,{6,2},"Greeting must be non-empty!"},{'}',{6,31}},{',',{6,32}},{'{',{7,2}},{fun,{7,3}},{'(',{7,6}},{')',{7,7}},{'->',{7,9}},{atom,{7,12},length},{'(',{7,18}},{var,{7,19},'GreetingText'},{')',{7,31}},{'=<',{7,33}},{integer,{7,36},140},{end,{7,40}},{',',{7,43}},{string,{8,2},"Greeting must be tweetable"},{'}',{8,30}},{']',{8,31}},{dot,{8,32}},{atom,{10,1},before_create},{'(',{10,14}},{')',{10,15}},{'->',{10,17}},{var,{11,2},'ModifiedRecord'},{'=',{11,17}},{atom,{11,19},set},{'(',{11,22}},{atom,{11,23},greeting_text},{',',{11,36}},{atom,{12,2},re},{':',{12,4}},{atom,{12,5},replace},{'(',{12,12}},{var,{12,13},'GreetingText'},{',',{12,25}},{string,{13,2},"masticate"},{',',{13,13}},{string,{13,15},"chew"},{',',{13,21}},{'[',{14,2}},{'{',{14,3}},{atom,{14,4},return},{',',{14,10}},{atom,{14,12},list},{'}',{14,16}},{']',{14,17}},{')',{14,18}},{')',{14,19}},{',',{14,20}},{'{',{15,2}},{atom,{15,3},ok},{',',{15,5}},{var,{15,7},'ModifiedRecord'},{'}',{15,21}},{dot,{15,22}},{eof,{18,42}}]
2015-12-07 15:20:47.672 [notice] <0.95.0>@boss_record_compiler:make_generated_forms:225 Module "greeting" Parameters ['Id','GreetingText'] Attributes[{compile,export_all}]
2015-12-07 15:20:47.730 [notice] <0.95.0>@boss_compiler:compile:47 Compile file "/home/brodan/Desktop/programming_languages/final_project/battleship/src/view/lib/tag_modules/battleship_custom_tags.erl" with options [{out_dir,undefined},{include_dirs,["/home/brodan/Desktop/programming_languages/final_project/battleship/include"]},{compiler_options,[{parse_transform,lager_transform},return_errors]}] 
2015-12-07 15:20:47.739 [notice] <0.95.0>@boss_compiler:compile:47 Compile file "/home/brodan/Desktop/programming_languages/final_project/battleship/src/view/lib/filter_modules/battleship_custom_filters.erl" with options [{out_dir,undefined},{include_dirs,["/home/brodan/Desktop/programming_languages/final_project/battleship/include"]},{compiler_options,[{parse_transform,lager_transform},return_errors]}] 
2015-12-07 15:20:47.935 [notice] <0.95.0>@boss_compiler:compile:47 Compile file "/home/brodan/Desktop/programming_languages/final_project/battleship/priv/init/battleship_01_news.erl" with options [{include_dirs,["/home/brodan/Desktop/programming_languages/final_project/battleship/include"]}] 
2015-12-07 15:38:13.995 [info] <0.282.0>@boss_web_controller_handle_request:log_status_code:187 GET /greeting/create [battleship] 200 43ms
2015-12-07 15:38:19.553 [info] <0.284.0>@boss_web_controller_handle_request:log_status_code:187 POST /greeting/create [battleship] 302 50ms
2015-12-07 15:38:19.566 [info] <0.284.0>@boss_web_controller_handle_request:log_status_code:187 GET /greeting/list [battleship] 200 7ms
2015-12-07 15:38:29.636 [info] <0.289.0>@boss_web_controller_handle_request:log_status_code:187 GET /greeting/live [battleship] 200 23ms
2015-12-07 15:38:32.318 [info] <0.290.0>@boss_web_controller_handle_request:log_status_code:187 GET /greeting/create [battleship] 200 9ms
2015-12-07 15:38:37.179 [info] <0.290.0>@boss_web_controller_handle_request:log_status_code:187 POST /greeting/create [battleship] 302 9ms
2015-12-07 15:38:37.189 [info] <0.289.0>@boss_web_controller_handle_request:log_status_code:187 GET /greeting/pull/1449520709618438 [battleship] 200 7301ms
2015-12-07 15:38:37.198 [info] <0.290.0>@boss_web_controller_handle_request:log_status_code:187 GET /greeting/list [battleship] 200 8ms
2015-12-07 15:38:40.032 [info] <0.289.0>@boss_web_controller_handle_request:log_status_code:187 GET /greeting/create [battleship] 200 7ms
2015-12-07 15:38:47.287 [info] <0.290.0>@boss_web_controller_handle_request:log_status_code:187 GET /greeting/pull/1449520717176370 [battleship] 200 10019ms
2015-12-07 15:38:47.288 [info] <0.301.0>@boss_web_controller_handle_request:log_status_code:187 POST /greeting/create [battleship] 302 15ms
2015-12-07 15:38:47.310 [info] <0.290.0>@boss_web_controller_handle_request:log_status_code:187 GET /greeting/list [battleship] 200 6ms
