2015-12-07 01:20:42.224 [error] <0.287.0>@boss_web_controller_handle_request:handle_request:39 Unhandled Error: error:function_clause Stacktrace: [{boss_record_compiler,process_tokens,[[],
                                     [{dot,{2,40}},
                                      {')',{2,39}},
                                      {var,{2,35},'THIS'},
                                      {',',{2,33}},
                                      {string,{2,18},"new-greetings"},
                                      {'(',{2,17}},
                                      {atom,{2,13},push},
                                      {':',{2,12}},
                                      {atom,{2,5},boss_mq},
                                      {'->',{1,16}},
                                      {')',{1,14}},
                                      {'(',{1,13}},
                                      {atom,{1,1},after_create}],
                                     []],[{file,"src/boss_record_compiler.erl"},{line,123}]},{boss_compiler,parse_text,4,[{file,"src/boss_compiler.erl"},{line,169}]},{boss_compiler,compile,2,[{file,"src/boss_compiler.erl"},{line,51}]},{boss_load,compile_and_accumulate_errors,5,[{file,"src/boss/boss_load.erl"},{line,261}]},{boss_load,load_model_dir,4,[{file,"src/boss/boss_load.erl"},{line,186}]},{boss_load,load_model_dirs1,6,[{file,"src/boss/boss_load.erl"},{line,177}]},{boss_web_controller_handle_request,run_controller_if_present,6,[{file,"src/boss/boss_web_controller_handle_request.erl"},{line,502}]},{boss_web_controller_handle_request,process_dynamic_request,5,[{file,"src/boss/boss_web_controller_handle_request.erl"},{line,255}]}]
2015-12-07 14:11:05.552 [error] <0.285.0>@boss_web_controller:call_controller_action:308 Error in controller error:function_clause Stacktrace: [{battleship_greeting_controller,create,['GET',
                                       ["assssss"],
                                       {battleship_greeting_controller,
                                        {sbw,cowboy_simple_bridge,
                                         {cowboy_bridge,#Ref<0.0.1.1248>},
                                         false,[],[],[],none,
                                         [{<<"host">>,<<"localhost:8001">>},
                                          {<<"connection">>,<<"keep-alive">>},
                                          {<<"accept">>,
                                           <<"text/html,application/xhtml+xml,application/xml;q=0.9,image/webp,*/*;q=0.8">>},
                                          {<<"user-agent">>,
                                           <<"Mozilla/5.0 (X11; Linux x86_64) AppleWebKit/537.36 (KHTML, like Gecko) Chrome/38.0.2125.111 Safari/537.36">>},
                                          {<<"accept-encoding">>,
                                           <<"gzip,deflate,sdch">>},
                                          {<<"accept-language">>,
                                           <<"en-US,en;q=0.8">>}],
                                         [],
                                         {response,200,[],[],[]}}}],[{file,"/home/brodan/Desktop/programming_languages/final_project/battleship/src/controller/battleship_greeting_controller.erl"},{line,26}]},{boss_web_controller,call_controller_action,3,[{file,"src/boss/boss_web_controller.erl"},{line,305}]},{boss_web_controller,apply_action,4,[{file,"src/boss/boss_web_controller.erl"},{line,297}]},{boss_web_controller,execute_action_inner,9,[{file,"src/boss/boss_web_controller.erl"},{line,276}]},{boss_web_controller_handle_request,process_dynamic_request,5,[{file,"src/boss/boss_web_controller_handle_request.erl"},{line,255}]},{boss_web_controller_handle_request,process_request,5,[{file,"src/boss/boss_web_controller_handle_request.erl"},{line,242}]},{timer,tc,3,[{file,"timer.erl"},{line,197}]},{boss_web_controller_handle_request,build_dynamic_response,4,[{file,"src/boss/boss_web_controller_handle_request.erl"},{line,135}]}]
2015-12-07 14:11:05.553 [error] <0.285.0>@boss_web_controller_handle_request:process_error:302 "Error in controller, see console.log for details\n"
2015-12-07 14:11:06.119 [error] <0.285.0>@boss_web_controller_handle_request:log_status_code:183 GET /greeting/create/assssss [battleship] 500 721ms
2015-12-07 14:13:34.288 [error] <0.291.0>@boss_web_controller_render:render_with_template:284 Error in view battleship_view_greeting_hello_html error:function_clause Stacktrace: [{string,to_upper,[undefined],[{file,"string.erl"},{line,529}]},{battleship_view_greeting_hello_html,render_internal,2,[{file,""},{line,1170}]},{battleship_view_greeting_hello_html,render,2,[{file,""},{line,515}]},{boss_web_controller_render,render_with_template,11,[{file,"src/boss/boss_web_controller_render.erl"},{line,276}]},{boss_web_controller_handle_request,run_controller_if_present,6,[{file,"src/boss/boss_web_controller_handle_request.erl"},{line,511}]},{boss_web_controller_handle_request,process_dynamic_request,5,[{file,"src/boss/boss_web_controller_handle_request.erl"},{line,255}]},{boss_web_controller_handle_request,process_request,5,[{file,"src/boss/boss_web_controller_handle_request.erl"},{line,242}]},{timer,tc,3,[{file,"timer.erl"},{line,197}]}]
2015-12-07 14:13:34.290 [error] <0.291.0>@boss_web_controller_handle_request:handle_request:39 Unhandled Error: error:function_clause Stacktrace: [{boss_web_controller_handle_request,process_result,[{boss_app_info,battleship,
                                                    [],"/static","/doc",all,
                                                    [{battleship_01_news,[]}],
                                                    <0.265.0>,<0.266.0>,
                                                    <0.268.0>,<0.269.0>,
                                                    ["greeting"],
                                                    [],
                                                    ["battleship_greeting_controller"]},
                                                   {sbw,cowboy_simple_bridge,
                                                    {cowboy_bridge,
                                                     #Ref<0.0.1.46167>},
                                                    false,[],[],[],none,
                                                    [{<<"host">>,
                                                      <<"localhost:8001">>},
                                                     {<<"connection">>,
                                                      <<"keep-alive">>},
                                                     {<<"cache-control">>,
                                                      <<"max-age=0">>},
                                                     {<<"accept">>,
                                                      <<"text/html,application/xhtml+xml,application/xml;q=0.9,image/webp,*/*;q=0.8">>},
                                                     {<<"user-agent">>,
                                                      <<"Mozilla/5.0 (X11; Linux x86_64) AppleWebKit/537.36 (KHTML, like Gecko) Chrome/38.0.2125.111 Safari/537.36">>},
                                                     {<<"accept-encoding">>,
                                                      <<"gzip,deflate,sdch">>},
                                                     {<<"accept-language">>,
                                                      <<"en-US,en;q=0.8">>}],
                                                    [],
                                                    {response,200,[],[],[]}},
                                                   ok],[{file,"src/boss/boss_web_controller_handle_request.erl"},{line,351}]},{boss_web_controller_handle_request,process_result_and_add_session,3,[{file,"src/boss/boss_web_controller_handle_request.erl"},{line,330}]},{timer,tc,3,[{file,"timer.erl"},{line,197}]},{boss_web_controller_handle_request,build_dynamic_response,4,[{file,"src/boss/boss_web_controller_handle_request.erl"},{line,135}]},{boss_web_controller_handle_request,handle_request,2,[{file,"src/boss/boss_web_controller_handle_request.erl"},{line,35}]},{boss_simple_bridge_handler,run,1,[{file,"src/boss/boss_simple_bridge_handler.erl"},{line,26}]},{cowboy_simple_bridge_anchor,handle,2,[{file,"src/cowboy_bridge_modules/cowboy_simple_bridge_anchor.erl"},{line,34}]},{cowboy_handler,handler_handle,4,[{file,"src/cowboy_handler.erl"},{line,111}]}]
2015-12-07 14:44:08.894 [error] <0.321.0>@boss_web_controller:call_controller_action:308 Error in controller error:{badmatch,{error,["Greeting must be non-empty!"]}} Stacktrace: [{battleship_greeting_controller,create,3,[{file,"/home/brodan/Desktop/programming_languages/final_project/battleship/src/controller/battleship_greeting_controller.erl"},{line,16}]},{boss_web_controller,call_controller_action,3,[{file,"src/boss/boss_web_controller.erl"},{line,305}]},{boss_web_controller,apply_action,4,[{file,"src/boss/boss_web_controller.erl"},{line,297}]},{boss_web_controller,execute_action_inner,9,[{file,"src/boss/boss_web_controller.erl"},{line,276}]},{boss_web_controller_handle_request,process_dynamic_request,5,[{file,"src/boss/boss_web_controller_handle_request.erl"},{line,255}]},{boss_web_controller_handle_request,process_request,5,[{file,"src/boss/boss_web_controller_handle_request.erl"},{line,242}]},{timer,tc,3,[{file,"timer.erl"},{line,197}]},{boss_web_controller_handle_request,build_dynamic_response,4,[{file,"src/boss/boss_web_controller_handle_request.erl"},{line,135}]}]
2015-12-07 14:44:08.896 [error] <0.321.0>@boss_web_controller_handle_request:process_error:302 "Error in controller, see console.log for details\n"
2015-12-07 14:44:08.897 [error] <0.321.0>@boss_web_controller_handle_request:log_status_code:183 POST /greeting/create [battleship] 500 6ms
